{"C:\\Users\\Admin\\Desktop\\HNG projects\\HNG proj 3\\authenticateUser.js": {"path":"C:\\Users\\Admin\\Desktop\\HNG projects\\HNG proj 3\\authenticateUser.js","statementMap":{"0":{"start":{"line":1,"column":17},"end":{"line":1,"column":36}},"1":{"start":{"line":2,"column":12},"end":{"line":2,"column":35}},"2":{"start":{"line":4,"column":25},"end":{"line":41,"column":1}},"3":{"start":{"line":5,"column":4},"end":{"line":40,"column":5}},"4":{"start":{"line":6,"column":25},"end":{"line":6,"column":53}},"5":{"start":{"line":8,"column":8},"end":{"line":13,"column":9}},"6":{"start":{"line":9,"column":12},"end":{"line":12,"column":15}},"7":{"start":{"line":15,"column":22},"end":{"line":15,"column":44}},"8":{"start":{"line":17,"column":27},"end":{"line":17,"column":68}},"9":{"start":{"line":18,"column":8},"end":{"line":23,"column":9}},"10":{"start":{"line":19,"column":12},"end":{"line":22,"column":15}},"11":{"start":{"line":25,"column":26},"end":{"line":25,"column":67}},"12":{"start":{"line":26,"column":8},"end":{"line":31,"column":9}},"13":{"start":{"line":27,"column":12},"end":{"line":30,"column":15}},"14":{"start":{"line":32,"column":8},"end":{"line":32,"column":28}},"15":{"start":{"line":33,"column":8},"end":{"line":33,"column":15}},"16":{"start":{"line":35,"column":8},"end":{"line":35,"column":35}},"17":{"start":{"line":36,"column":8},"end":{"line":39,"column":11}},"18":{"start":{"line":43,"column":0},"end":{"line":43,"column":34}}},"fnMap":{"0":{"name":"(anonymous_0)","decl":{"start":{"line":4,"column":25},"end":{"line":4,"column":26}},"loc":{"start":{"line":4,"column":51},"end":{"line":41,"column":1}},"line":4}},"branchMap":{"0":{"loc":{"start":{"line":8,"column":8},"end":{"line":13,"column":9}},"type":"if","locations":[{"start":{"line":8,"column":8},"end":{"line":13,"column":9}},{"start":{},"end":{}}],"line":8},"1":{"loc":{"start":{"line":18,"column":8},"end":{"line":23,"column":9}},"type":"if","locations":[{"start":{"line":18,"column":8},"end":{"line":23,"column":9}},{"start":{},"end":{}}],"line":18},"2":{"loc":{"start":{"line":26,"column":8},"end":{"line":31,"column":9}},"type":"if","locations":[{"start":{"line":26,"column":8},"end":{"line":31,"column":9}},{"start":{},"end":{}}],"line":26}},"s":{"0":1,"1":1,"2":1,"3":0,"4":0,"5":0,"6":0,"7":0,"8":0,"9":0,"10":0,"11":0,"12":0,"13":0,"14":0,"15":0,"16":0,"17":0,"18":1},"f":{"0":0},"b":{"0":[0,0],"1":[0,0],"2":[0,0]},"_coverageSchema":"1a1c01bbd47fc00a2c39e90264f33305004495a9","hash":"97daf243776088cb8fa9da3499615625fc38eb82"}
,"C:\\Users\\Admin\\Desktop\\HNG projects\\HNG proj 3\\index.js": {"path":"C:\\Users\\Admin\\Desktop\\HNG projects\\HNG proj 3\\index.js","statementMap":{"0":{"start":{"line":1,"column":0},"end":{"line":1,"column":27}},"1":{"start":{"line":2,"column":16},"end":{"line":2,"column":34}},"2":{"start":{"line":3,"column":13},"end":{"line":3,"column":28}},"3":{"start":{"line":5,"column":25},"end":{"line":5,"column":54}},"4":{"start":{"line":6,"column":28},"end":{"line":6,"column":68}},"5":{"start":{"line":7,"column":26},"end":{"line":7,"column":66}},"6":{"start":{"line":14,"column":4},"end":{"line":14,"column":52}},"7":{"start":{"line":16,"column":12},"end":{"line":16,"column":21}},"8":{"start":{"line":18,"column":0},"end":{"line":18,"column":16}},"9":{"start":{"line":19,"column":0},"end":{"line":19,"column":24}},"10":{"start":{"line":21,"column":19},"end":{"line":21,"column":35}},"11":{"start":{"line":22,"column":18},"end":{"line":22,"column":34}},"12":{"start":{"line":24,"column":0},"end":{"line":24,"column":39}},"13":{"start":{"line":25,"column":0},"end":{"line":25,"column":33}},"14":{"start":{"line":27,"column":0},"end":{"line":27,"column":41}},"15":{"start":{"line":28,"column":0},"end":{"line":28,"column":48}},"16":{"start":{"line":29,"column":0},"end":{"line":29,"column":40}},"17":{"start":{"line":30,"column":0},"end":{"line":30,"column":55}},"18":{"start":{"line":32,"column":0},"end":{"line":34,"column":3}},"19":{"start":{"line":33,"column":4},"end":{"line":33,"column":46}},"20":{"start":{"line":36,"column":0},"end":{"line":36,"column":29}},"21":{"start":{"line":37,"column":0},"end":{"line":37,"column":59}},"22":{"start":{"line":38,"column":0},"end":{"line":38,"column":58}},"23":{"start":{"line":40,"column":0},"end":{"line":40,"column":21}}},"fnMap":{"0":{"name":"(anonymous_0)","decl":{"start":{"line":32,"column":13},"end":{"line":32,"column":14}},"loc":{"start":{"line":32,"column":27},"end":{"line":34,"column":1}},"line":32}},"branchMap":{},"s":{"0":1,"1":1,"2":1,"3":1,"4":1,"5":1,"6":1,"7":1,"8":1,"9":1,"10":1,"11":1,"12":1,"13":1,"14":1,"15":1,"16":1,"17":1,"18":1,"19":0,"20":1,"21":1,"22":1,"23":1},"f":{"0":0},"b":{},"_coverageSchema":"1a1c01bbd47fc00a2c39e90264f33305004495a9","hash":"0968a766305eda82d7ec1e297f24964579857098"}
,"C:\\Users\\Admin\\Desktop\\HNG projects\\HNG proj 3\\controllers\\auth-controller.js": {"path":"C:\\Users\\Admin\\Desktop\\HNG projects\\HNG proj 3\\controllers\\auth-controller.js","statementMap":{"0":{"start":{"line":1,"column":22},"end":{"line":1,"column":42}},"1":{"start":{"line":2,"column":50},"end":{"line":2,"column":70}},"2":{"start":{"line":3,"column":15},"end":{"line":3,"column":32}},"3":{"start":{"line":4,"column":12},"end":{"line":4,"column":35}},"4":{"start":{"line":6,"column":17},"end":{"line":94,"column":1}},"5":{"start":{"line":7,"column":4},"end":{"line":93,"column":5}},"6":{"start":{"line":8,"column":64},"end":{"line":8,"column":72}},"7":{"start":{"line":11,"column":31},"end":{"line":28,"column":9}},"8":{"start":{"line":30,"column":23},"end":{"line":32,"column":38}},"9":{"start":{"line":31,"column":31},"end":{"line":31,"column":46}},"10":{"start":{"line":32,"column":28},"end":{"line":32,"column":37}},"11":{"start":{"line":33,"column":8},"end":{"line":33,"column":67}},"12":{"start":{"line":33,"column":27},"end":{"line":33,"column":67}},"13":{"start":{"line":35,"column":26},"end":{"line":35,"column":66}},"14":{"start":{"line":36,"column":8},"end":{"line":41,"column":15}},"15":{"start":{"line":37,"column":12},"end":{"line":41,"column":15}},"16":{"start":{"line":43,"column":21},"end":{"line":43,"column":45}},"17":{"start":{"line":44,"column":31},"end":{"line":44,"column":64}},"18":{"start":{"line":46,"column":21},"end":{"line":53,"column":10}},"19":{"start":{"line":55,"column":20},"end":{"line":59,"column":10}},"20":{"start":{"line":61,"column":8},"end":{"line":64,"column":11}},"21":{"start":{"line":66,"column":22},"end":{"line":70,"column":9}},"22":{"start":{"line":72,"column":8},"end":{"line":85,"column":11}},"23":{"start":{"line":87,"column":8},"end":{"line":87,"column":37}},"24":{"start":{"line":88,"column":8},"end":{"line":92,"column":11}},"25":{"start":{"line":96,"column":14},"end":{"line":158,"column":1}},"26":{"start":{"line":97,"column":4},"end":{"line":157,"column":5}},"27":{"start":{"line":98,"column":36},"end":{"line":98,"column":44}},"28":{"start":{"line":100,"column":31},"end":{"line":109,"column":9}},"29":{"start":{"line":111,"column":23},"end":{"line":113,"column":38}},"30":{"start":{"line":112,"column":31},"end":{"line":112,"column":46}},"31":{"start":{"line":113,"column":28},"end":{"line":113,"column":37}},"32":{"start":{"line":114,"column":8},"end":{"line":114,"column":67}},"33":{"start":{"line":114,"column":27},"end":{"line":114,"column":67}},"34":{"start":{"line":116,"column":21},"end":{"line":116,"column":61}},"35":{"start":{"line":117,"column":8},"end":{"line":121,"column":15}},"36":{"start":{"line":118,"column":12},"end":{"line":121,"column":15}},"37":{"start":{"line":123,"column":32},"end":{"line":123,"column":77}},"38":{"start":{"line":124,"column":8},"end":{"line":128,"column":15}},"39":{"start":{"line":125,"column":12},"end":{"line":128,"column":15}},"40":{"start":{"line":130,"column":22},"end":{"line":134,"column":9}},"41":{"start":{"line":136,"column":8},"end":{"line":149,"column":11}},"42":{"start":{"line":151,"column":8},"end":{"line":151,"column":37}},"43":{"start":{"line":152,"column":8},"end":{"line":156,"column":11}},"44":{"start":{"line":160,"column":0},"end":{"line":160,"column":37}}},"fnMap":{"0":{"name":"(anonymous_0)","decl":{"start":{"line":6,"column":17},"end":{"line":6,"column":18}},"loc":{"start":{"line":6,"column":37},"end":{"line":94,"column":1}},"line":6},"1":{"name":"(anonymous_1)","decl":{"start":{"line":31,"column":20},"end":{"line":31,"column":21}},"loc":{"start":{"line":31,"column":31},"end":{"line":31,"column":46}},"line":31},"2":{"name":"(anonymous_2)","decl":{"start":{"line":32,"column":17},"end":{"line":32,"column":18}},"loc":{"start":{"line":32,"column":28},"end":{"line":32,"column":37}},"line":32},"3":{"name":"(anonymous_3)","decl":{"start":{"line":96,"column":14},"end":{"line":96,"column":15}},"loc":{"start":{"line":96,"column":34},"end":{"line":158,"column":1}},"line":96},"4":{"name":"(anonymous_4)","decl":{"start":{"line":112,"column":20},"end":{"line":112,"column":21}},"loc":{"start":{"line":112,"column":31},"end":{"line":112,"column":46}},"line":112},"5":{"name":"(anonymous_5)","decl":{"start":{"line":113,"column":17},"end":{"line":113,"column":18}},"loc":{"start":{"line":113,"column":28},"end":{"line":113,"column":37}},"line":113}},"branchMap":{"0":{"loc":{"start":{"line":33,"column":8},"end":{"line":33,"column":67}},"type":"if","locations":[{"start":{"line":33,"column":8},"end":{"line":33,"column":67}},{"start":{},"end":{}}],"line":33},"1":{"loc":{"start":{"line":36,"column":8},"end":{"line":41,"column":15}},"type":"if","locations":[{"start":{"line":36,"column":8},"end":{"line":41,"column":15}},{"start":{},"end":{}}],"line":36},"2":{"loc":{"start":{"line":114,"column":8},"end":{"line":114,"column":67}},"type":"if","locations":[{"start":{"line":114,"column":8},"end":{"line":114,"column":67}},{"start":{},"end":{}}],"line":114},"3":{"loc":{"start":{"line":117,"column":8},"end":{"line":121,"column":15}},"type":"if","locations":[{"start":{"line":117,"column":8},"end":{"line":121,"column":15}},{"start":{},"end":{}}],"line":117},"4":{"loc":{"start":{"line":124,"column":8},"end":{"line":128,"column":15}},"type":"if","locations":[{"start":{"line":124,"column":8},"end":{"line":128,"column":15}},{"start":{},"end":{}}],"line":124}},"s":{"0":1,"1":1,"2":1,"3":1,"4":1,"5":6,"6":6,"7":6,"8":6,"9":24,"10":4,"11":6,"12":4,"13":2,"14":2,"15":1,"16":1,"17":1,"18":1,"19":1,"20":1,"21":1,"22":1,"23":0,"24":0,"25":1,"26":5,"27":5,"28":5,"29":5,"30":10,"31":2,"32":5,"33":2,"34":3,"35":3,"36":1,"37":2,"38":2,"39":1,"40":1,"41":1,"42":0,"43":0,"44":1},"f":{"0":6,"1":24,"2":4,"3":5,"4":10,"5":2},"b":{"0":[4,2],"1":[1,1],"2":[2,3],"3":[1,2],"4":[1,1]},"_coverageSchema":"1a1c01bbd47fc00a2c39e90264f33305004495a9","hash":"d800f1dd2654e656eb3ffe6b562f14d6a7660f2b"}
,"C:\\Users\\Admin\\Desktop\\HNG projects\\HNG proj 3\\controllers\\organisation-controller.js": {"path":"C:\\Users\\Admin\\Desktop\\HNG projects\\HNG proj 3\\controllers\\organisation-controller.js","statementMap":{"0":{"start":{"line":1,"column":18},"end":{"line":1,"column":38}},"1":{"start":{"line":2,"column":22},"end":{"line":2,"column":42}},"2":{"start":{"line":3,"column":50},"end":{"line":3,"column":70}},"3":{"start":{"line":5,"column":29},"end":{"line":39,"column":1}},"4":{"start":{"line":6,"column":4},"end":{"line":38,"column":5}},"5":{"start":{"line":7,"column":23},"end":{"line":7,"column":33}},"6":{"start":{"line":9,"column":30},"end":{"line":17,"column":10}},"7":{"start":{"line":19,"column":20},"end":{"line":26,"column":9}},"8":{"start":{"line":21,"column":17},"end":{"line":25,"column":17}},"9":{"start":{"line":27,"column":8},"end":{"line":31,"column":11}},"10":{"start":{"line":33,"column":8},"end":{"line":37,"column":11}},"11":{"start":{"line":41,"column":30},"end":{"line":69,"column":1}},"12":{"start":{"line":42,"column":4},"end":{"line":68,"column":5}},"13":{"start":{"line":43,"column":22},"end":{"line":43,"column":38}},"14":{"start":{"line":44,"column":23},"end":{"line":44,"column":33}},"15":{"start":{"line":46,"column":29},"end":{"line":48,"column":10}},"16":{"start":{"line":50,"column":8},"end":{"line":55,"column":9}},"17":{"start":{"line":51,"column":12},"end":{"line":54,"column":15}},"18":{"start":{"line":57,"column":8},"end":{"line":61,"column":11}},"19":{"start":{"line":63,"column":8},"end":{"line":67,"column":11}},"20":{"start":{"line":71,"column":27},"end":{"line":109,"column":1}},"21":{"start":{"line":72,"column":4},"end":{"line":108,"column":5}},"22":{"start":{"line":73,"column":38},"end":{"line":73,"column":46}},"23":{"start":{"line":74,"column":23},"end":{"line":74,"column":33}},"24":{"start":{"line":76,"column":8},"end":{"line":80,"column":9}},"25":{"start":{"line":77,"column":12},"end":{"line":79,"column":15}},"26":{"start":{"line":82,"column":20},"end":{"line":86,"column":10}},"27":{"start":{"line":88,"column":8},"end":{"line":91,"column":11}},"28":{"start":{"line":93,"column":8},"end":{"line":101,"column":11}},"29":{"start":{"line":103,"column":8},"end":{"line":107,"column":11}},"30":{"start":{"line":111,"column":30},"end":{"line":157,"column":1}},"31":{"start":{"line":112,"column":4},"end":{"line":156,"column":5}},"32":{"start":{"line":113,"column":27},"end":{"line":113,"column":35}},"33":{"start":{"line":114,"column":22},"end":{"line":114,"column":38}},"34":{"start":{"line":116,"column":29},"end":{"line":116,"column":63}},"35":{"start":{"line":117,"column":8},"end":{"line":122,"column":9}},"36":{"start":{"line":118,"column":12},"end":{"line":121,"column":15}},"37":{"start":{"line":124,"column":21},"end":{"line":124,"column":48}},"38":{"start":{"line":125,"column":8},"end":{"line":130,"column":9}},"39":{"start":{"line":126,"column":12},"end":{"line":129,"column":15}},"40":{"start":{"line":132,"column":29},"end":{"line":134,"column":10}},"41":{"start":{"line":136,"column":8},"end":{"line":141,"column":9}},"42":{"start":{"line":137,"column":12},"end":{"line":140,"column":15}},"43":{"start":{"line":143,"column":8},"end":{"line":143,"column":58}},"44":{"start":{"line":145,"column":8},"end":{"line":148,"column":11}},"45":{"start":{"line":150,"column":8},"end":{"line":155,"column":11}},"46":{"start":{"line":159,"column":0},"end":{"line":164,"column":2}}},"fnMap":{"0":{"name":"(anonymous_0)","decl":{"start":{"line":5,"column":29},"end":{"line":5,"column":30}},"loc":{"start":{"line":5,"column":49},"end":{"line":39,"column":1}},"line":5},"1":{"name":"(anonymous_1)","decl":{"start":{"line":20,"column":12},"end":{"line":20,"column":13}},"loc":{"start":{"line":21,"column":17},"end":{"line":25,"column":17}},"line":21},"2":{"name":"(anonymous_2)","decl":{"start":{"line":41,"column":30},"end":{"line":41,"column":31}},"loc":{"start":{"line":41,"column":50},"end":{"line":69,"column":1}},"line":41},"3":{"name":"(anonymous_3)","decl":{"start":{"line":71,"column":27},"end":{"line":71,"column":28}},"loc":{"start":{"line":71,"column":47},"end":{"line":109,"column":1}},"line":71},"4":{"name":"(anonymous_4)","decl":{"start":{"line":111,"column":30},"end":{"line":111,"column":31}},"loc":{"start":{"line":111,"column":50},"end":{"line":157,"column":1}},"line":111}},"branchMap":{"0":{"loc":{"start":{"line":50,"column":8},"end":{"line":55,"column":9}},"type":"if","locations":[{"start":{"line":50,"column":8},"end":{"line":55,"column":9}},{"start":{},"end":{}}],"line":50},"1":{"loc":{"start":{"line":76,"column":8},"end":{"line":80,"column":9}},"type":"if","locations":[{"start":{"line":76,"column":8},"end":{"line":80,"column":9}},{"start":{},"end":{}}],"line":76},"2":{"loc":{"start":{"line":117,"column":8},"end":{"line":122,"column":9}},"type":"if","locations":[{"start":{"line":117,"column":8},"end":{"line":122,"column":9}},{"start":{},"end":{}}],"line":117},"3":{"loc":{"start":{"line":125,"column":8},"end":{"line":130,"column":9}},"type":"if","locations":[{"start":{"line":125,"column":8},"end":{"line":130,"column":9}},{"start":{},"end":{}}],"line":125},"4":{"loc":{"start":{"line":136,"column":8},"end":{"line":141,"column":9}},"type":"if","locations":[{"start":{"line":136,"column":8},"end":{"line":141,"column":9}},{"start":{},"end":{}}],"line":136}},"s":{"0":1,"1":1,"2":1,"3":1,"4":0,"5":0,"6":0,"7":0,"8":0,"9":0,"10":0,"11":1,"12":0,"13":0,"14":0,"15":0,"16":0,"17":0,"18":0,"19":0,"20":1,"21":0,"22":0,"23":0,"24":0,"25":0,"26":0,"27":0,"28":0,"29":0,"30":1,"31":0,"32":0,"33":0,"34":0,"35":0,"36":0,"37":0,"38":0,"39":0,"40":0,"41":0,"42":0,"43":0,"44":0,"45":0,"46":1},"f":{"0":0,"1":0,"2":0,"3":0,"4":0},"b":{"0":[0,0],"1":[0,0],"2":[0,0],"3":[0,0],"4":[0,0]},"_coverageSchema":"1a1c01bbd47fc00a2c39e90264f33305004495a9","hash":"8a29a15670a458b406c7388d705bc3ffa2bbcae2"}
,"C:\\Users\\Admin\\Desktop\\HNG projects\\HNG proj 3\\controllers\\user-controller.js": {"path":"C:\\Users\\Admin\\Desktop\\HNG projects\\HNG proj 3\\controllers\\user-controller.js","statementMap":{"0":{"start":{"line":1,"column":22},"end":{"line":1,"column":42}},"1":{"start":{"line":2,"column":50},"end":{"line":2,"column":70}},"2":{"start":{"line":4,"column":22},"end":{"line":40,"column":1}},"3":{"start":{"line":5,"column":4},"end":{"line":39,"column":5}},"4":{"start":{"line":6,"column":23},"end":{"line":6,"column":36}},"5":{"start":{"line":7,"column":8},"end":{"line":7,"column":35}},"6":{"start":{"line":9,"column":21},"end":{"line":12,"column":10}},"7":{"start":{"line":21,"column":8},"end":{"line":26,"column":9}},"8":{"start":{"line":22,"column":12},"end":{"line":25,"column":15}},"9":{"start":{"line":28,"column":8},"end":{"line":32,"column":11}},"10":{"start":{"line":34,"column":8},"end":{"line":34,"column":35}},"11":{"start":{"line":42,"column":0},"end":{"line":42,"column":35}}},"fnMap":{"0":{"name":"(anonymous_0)","decl":{"start":{"line":4,"column":22},"end":{"line":4,"column":23}},"loc":{"start":{"line":4,"column":42},"end":{"line":40,"column":1}},"line":4}},"branchMap":{"0":{"loc":{"start":{"line":21,"column":8},"end":{"line":26,"column":9}},"type":"if","locations":[{"start":{"line":21,"column":8},"end":{"line":26,"column":9}},{"start":{},"end":{}}],"line":21}},"s":{"0":1,"1":1,"2":1,"3":0,"4":0,"5":0,"6":0,"7":0,"8":0,"9":0,"10":0,"11":1},"f":{"0":0},"b":{"0":[0,0]},"_coverageSchema":"1a1c01bbd47fc00a2c39e90264f33305004495a9","hash":"da580022768f414c621d313e2460b3fc482106e4"}
,"C:\\Users\\Admin\\Desktop\\HNG projects\\HNG proj 3\\models\\index.js": {"path":"C:\\Users\\Admin\\Desktop\\HNG projects\\HNG proj 3\\models\\index.js","statementMap":{"0":{"start":{"line":3,"column":11},"end":{"line":3,"column":24}},"1":{"start":{"line":4,"column":13},"end":{"line":4,"column":28}},"2":{"start":{"line":5,"column":18},"end":{"line":5,"column":38}},"3":{"start":{"line":6,"column":16},"end":{"line":6,"column":34}},"4":{"start":{"line":7,"column":17},"end":{"line":7,"column":42}},"5":{"start":{"line":8,"column":12},"end":{"line":8,"column":49}},"6":{"start":{"line":9,"column":15},"end":{"line":9,"column":65}},"7":{"start":{"line":10,"column":11},"end":{"line":10,"column":13}},"8":{"start":{"line":13,"column":0},"end":{"line":25,"column":1}},"9":{"start":{"line":14,"column":4},"end":{"line":17,"column":7}},"10":{"start":{"line":19,"column":4},"end":{"line":24,"column":6}},"11":{"start":{"line":27,"column":0},"end":{"line":42,"column":7}},"12":{"start":{"line":29,"column":8},"end":{"line":34,"column":10}},"13":{"start":{"line":37,"column":22},"end":{"line":40,"column":9}},"14":{"start":{"line":41,"column":8},"end":{"line":41,"column":31}},"15":{"start":{"line":44,"column":0},"end":{"line":48,"column":3}},"16":{"start":{"line":45,"column":4},"end":{"line":47,"column":5}},"17":{"start":{"line":46,"column":8},"end":{"line":46,"column":36}},"18":{"start":{"line":50,"column":0},"end":{"line":50,"column":25}},"19":{"start":{"line":51,"column":0},"end":{"line":51,"column":25}},"20":{"start":{"line":53,"column":0},"end":{"line":53,"column":20}}},"fnMap":{"0":{"name":"(anonymous_0)","decl":{"start":{"line":28,"column":12},"end":{"line":28,"column":13}},"loc":{"start":{"line":28,"column":22},"end":{"line":35,"column":5}},"line":28},"1":{"name":"(anonymous_1)","decl":{"start":{"line":36,"column":13},"end":{"line":36,"column":14}},"loc":{"start":{"line":36,"column":23},"end":{"line":42,"column":5}},"line":36},"2":{"name":"(anonymous_2)","decl":{"start":{"line":44,"column":24},"end":{"line":44,"column":25}},"loc":{"start":{"line":44,"column":39},"end":{"line":48,"column":1}},"line":44}},"branchMap":{"0":{"loc":{"start":{"line":8,"column":12},"end":{"line":8,"column":49}},"type":"binary-expr","locations":[{"start":{"line":8,"column":12},"end":{"line":8,"column":32}},{"start":{"line":8,"column":36},"end":{"line":8,"column":49}}],"line":8},"1":{"loc":{"start":{"line":13,"column":0},"end":{"line":25,"column":1}},"type":"if","locations":[{"start":{"line":13,"column":0},"end":{"line":25,"column":1}},{"start":{"line":18,"column":7},"end":{"line":25,"column":1}}],"line":13},"2":{"loc":{"start":{"line":30,"column":12},"end":{"line":33,"column":43}},"type":"binary-expr","locations":[{"start":{"line":30,"column":12},"end":{"line":30,"column":35}},{"start":{"line":31,"column":12},"end":{"line":31,"column":29}},{"start":{"line":32,"column":12},"end":{"line":32,"column":36}},{"start":{"line":33,"column":12},"end":{"line":33,"column":43}}],"line":30},"3":{"loc":{"start":{"line":45,"column":4},"end":{"line":47,"column":5}},"type":"if","locations":[{"start":{"line":45,"column":4},"end":{"line":47,"column":5}},{"start":{},"end":{}}],"line":45}},"s":{"0":1,"1":1,"2":1,"3":1,"4":1,"5":1,"6":1,"7":1,"8":1,"9":1,"10":0,"11":1,"12":4,"13":3,"14":3,"15":1,"16":3,"17":3,"18":1,"19":1,"20":1},"f":{"0":4,"1":3,"2":3},"b":{"0":[1,0],"1":[1,0],"2":[4,4,3,3],"3":[3,0]},"_coverageSchema":"1a1c01bbd47fc00a2c39e90264f33305004495a9","hash":"934671a2b12d49b5cddb0df5e8e17b5f34c87fcb"}
,"C:\\Users\\Admin\\Desktop\\HNG projects\\HNG proj 3\\models\\organisation.js": {"path":"C:\\Users\\Admin\\Desktop\\HNG projects\\HNG proj 3\\models\\organisation.js","statementMap":{"0":{"start":{"line":2,"column":18},"end":{"line":2,"column":38}},"1":{"start":{"line":4,"column":0},"end":{"line":37,"column":2}},"2":{"start":{"line":7,"column":12},"end":{"line":11,"column":15}},"3":{"start":{"line":15,"column":4},"end":{"line":34,"column":6}},"4":{"start":{"line":36,"column":4},"end":{"line":36,"column":24}}},"fnMap":{"0":{"name":"(anonymous_0)","decl":{"start":{"line":4,"column":17},"end":{"line":4,"column":18}},"loc":{"start":{"line":4,"column":43},"end":{"line":37,"column":1}},"line":4},"1":{"name":"(anonymous_1)","decl":{"start":{"line":6,"column":8},"end":{"line":6,"column":9}},"loc":{"start":{"line":6,"column":33},"end":{"line":12,"column":9}},"line":6}},"branchMap":{},"s":{"0":1,"1":1,"2":1,"3":1,"4":1},"f":{"0":1,"1":1},"b":{},"_coverageSchema":"1a1c01bbd47fc00a2c39e90264f33305004495a9","hash":"abd99ebb451f626dcf2fbca5fbad9fbd39ef1344"}
,"C:\\Users\\Admin\\Desktop\\HNG projects\\HNG proj 3\\models\\user.js": {"path":"C:\\Users\\Admin\\Desktop\\HNG projects\\HNG proj 3\\models\\user.js","statementMap":{"0":{"start":{"line":2,"column":18},"end":{"line":2,"column":38}},"1":{"start":{"line":4,"column":0},"end":{"line":50,"column":2}},"2":{"start":{"line":7,"column":12},"end":{"line":11,"column":15}},"3":{"start":{"line":15,"column":4},"end":{"line":47,"column":6}},"4":{"start":{"line":49,"column":4},"end":{"line":49,"column":16}}},"fnMap":{"0":{"name":"(anonymous_0)","decl":{"start":{"line":4,"column":17},"end":{"line":4,"column":18}},"loc":{"start":{"line":4,"column":43},"end":{"line":50,"column":1}},"line":4},"1":{"name":"(anonymous_1)","decl":{"start":{"line":6,"column":8},"end":{"line":6,"column":9}},"loc":{"start":{"line":6,"column":33},"end":{"line":12,"column":9}},"line":6}},"branchMap":{},"s":{"0":1,"1":1,"2":1,"3":1,"4":1},"f":{"0":1,"1":1},"b":{},"_coverageSchema":"1a1c01bbd47fc00a2c39e90264f33305004495a9","hash":"4d2d73c4c86440350bf4a2f0becb91e67268a0d8"}
,"C:\\Users\\Admin\\Desktop\\HNG projects\\HNG proj 3\\models\\userorganisations.js": {"path":"C:\\Users\\Admin\\Desktop\\HNG projects\\HNG proj 3\\models\\userorganisations.js","statementMap":{"0":{"start":{"line":2,"column":18},"end":{"line":2,"column":38}},"1":{"start":{"line":4,"column":0},"end":{"line":29,"column":2}},"2":{"start":{"line":11,"column":4},"end":{"line":26,"column":6}},"3":{"start":{"line":28,"column":4},"end":{"line":28,"column":29}}},"fnMap":{"0":{"name":"(anonymous_0)","decl":{"start":{"line":4,"column":17},"end":{"line":4,"column":18}},"loc":{"start":{"line":4,"column":43},"end":{"line":29,"column":1}},"line":4},"1":{"name":"(anonymous_1)","decl":{"start":{"line":6,"column":8},"end":{"line":6,"column":9}},"loc":{"start":{"line":6,"column":33},"end":{"line":8,"column":9}},"line":6}},"branchMap":{},"s":{"0":1,"1":1,"2":1,"3":1},"f":{"0":1,"1":1},"b":{},"_coverageSchema":"1a1c01bbd47fc00a2c39e90264f33305004495a9","hash":"4ed1a7e648f9a622b67c6eaf9c40428f1137ef55"}
}
