TN:
SF:authenticateUser.js
FN:4,(anonymous_0)
FNF:1
FNH:0
FNDA:0,(anonymous_0)
DA:1,1
DA:2,1
DA:4,1
DA:5,0
DA:6,0
DA:8,0
DA:9,0
DA:15,0
DA:17,0
DA:18,0
DA:19,0
DA:25,0
DA:26,0
DA:27,0
DA:32,0
DA:33,0
DA:35,0
DA:36,0
DA:43,1
LF:19
LH:4
BRDA:8,0,0,0
BRDA:8,0,1,0
BRDA:18,1,0,0
BRDA:18,1,1,0
BRDA:26,2,0,0
BRDA:26,2,1,0
BRF:6
BRH:0
end_of_record
TN:
SF:index.js
FN:32,(anonymous_0)
FNF:1
FNH:0
FNDA:0,(anonymous_0)
DA:1,1
DA:2,1
DA:3,1
DA:5,1
DA:6,1
DA:7,1
DA:14,1
DA:16,1
DA:18,1
DA:19,1
DA:21,1
DA:22,1
DA:24,1
DA:25,1
DA:27,1
DA:28,1
DA:29,1
DA:30,1
DA:32,1
DA:33,0
DA:36,1
DA:37,1
DA:38,1
DA:40,1
LF:24
LH:23
BRF:0
BRH:0
end_of_record
TN:
SF:controllers\auth-controller.js
FN:6,(anonymous_0)
FN:31,(anonymous_1)
FN:32,(anonymous_2)
FN:96,(anonymous_3)
FN:112,(anonymous_4)
FN:113,(anonymous_5)
FNF:6
FNH:6
FNDA:6,(anonymous_0)
FNDA:24,(anonymous_1)
FNDA:4,(anonymous_2)
FNDA:5,(anonymous_3)
FNDA:10,(anonymous_4)
FNDA:2,(anonymous_5)
DA:1,1
DA:2,1
DA:3,1
DA:4,1
DA:6,1
DA:7,6
DA:8,6
DA:11,6
DA:30,6
DA:31,24
DA:32,4
DA:33,6
DA:35,2
DA:36,2
DA:37,1
DA:43,1
DA:44,1
DA:46,1
DA:55,1
DA:61,1
DA:66,1
DA:72,1
DA:87,0
DA:88,0
DA:96,1
DA:97,5
DA:98,5
DA:100,5
DA:111,5
DA:112,10
DA:113,2
DA:114,5
DA:116,3
DA:117,3
DA:118,1
DA:123,2
DA:124,2
DA:125,1
DA:130,1
DA:136,1
DA:151,0
DA:152,0
DA:160,1
LF:43
LH:39
BRDA:33,0,0,4
BRDA:33,0,1,2
BRDA:36,1,0,1
BRDA:36,1,1,1
BRDA:114,2,0,2
BRDA:114,2,1,3
BRDA:117,3,0,1
BRDA:117,3,1,2
BRDA:124,4,0,1
BRDA:124,4,1,1
BRF:10
BRH:10
end_of_record
TN:
SF:controllers\organisation-controller.js
FN:5,(anonymous_0)
FN:20,(anonymous_1)
FN:41,(anonymous_2)
FN:71,(anonymous_3)
FN:111,(anonymous_4)
FNF:5
FNH:0
FNDA:0,(anonymous_0)
FNDA:0,(anonymous_1)
FNDA:0,(anonymous_2)
FNDA:0,(anonymous_3)
FNDA:0,(anonymous_4)
DA:1,1
DA:2,1
DA:3,1
DA:5,1
DA:6,0
DA:7,0
DA:9,0
DA:19,0
DA:21,0
DA:27,0
DA:33,0
DA:41,1
DA:42,0
DA:43,0
DA:44,0
DA:46,0
DA:50,0
DA:51,0
DA:57,0
DA:63,0
DA:71,1
DA:72,0
DA:73,0
DA:74,0
DA:76,0
DA:77,0
DA:82,0
DA:88,0
DA:93,0
DA:103,0
DA:111,1
DA:112,0
DA:113,0
DA:114,0
DA:116,0
DA:117,0
DA:118,0
DA:124,0
DA:125,0
DA:126,0
DA:132,0
DA:136,0
DA:137,0
DA:143,0
DA:145,0
DA:150,0
DA:159,1
LF:47
LH:8
BRDA:50,0,0,0
BRDA:50,0,1,0
BRDA:76,1,0,0
BRDA:76,1,1,0
BRDA:117,2,0,0
BRDA:117,2,1,0
BRDA:125,3,0,0
BRDA:125,3,1,0
BRDA:136,4,0,0
BRDA:136,4,1,0
BRF:10
BRH:0
end_of_record
TN:
SF:controllers\user-controller.js
FN:4,(anonymous_0)
FNF:1
FNH:0
FNDA:0,(anonymous_0)
DA:1,1
DA:2,1
DA:4,1
DA:5,0
DA:6,0
DA:7,0
DA:9,0
DA:21,0
DA:22,0
DA:28,0
DA:34,0
DA:42,1
LF:12
LH:4
BRDA:21,0,0,0
BRDA:21,0,1,0
BRF:2
BRH:0
end_of_record
TN:
SF:models\index.js
FN:25,(anonymous_0)
FN:33,(anonymous_1)
FN:41,(anonymous_2)
FNF:3
FNH:3
FNDA:4,(anonymous_0)
FNDA:3,(anonymous_1)
FNDA:3,(anonymous_2)
DA:3,1
DA:4,1
DA:5,1
DA:6,1
DA:7,1
DA:8,1
DA:9,1
DA:10,1
DA:13,1
DA:14,0
DA:16,1
DA:24,1
DA:26,4
DA:34,3
DA:38,3
DA:41,1
DA:42,3
DA:43,3
DA:47,1
DA:48,1
DA:50,1
LF:21
LH:20
BRDA:8,0,0,1
BRDA:8,0,1,0
BRDA:13,1,0,0
BRDA:13,1,1,1
BRDA:27,2,0,4
BRDA:27,2,1,4
BRDA:27,2,2,3
BRDA:27,2,3,3
BRDA:42,3,0,3
BRDA:42,3,1,0
BRF:10
BRH:7
end_of_record
TN:
SF:models\organisation.js
FN:4,(anonymous_0)
FN:6,(anonymous_1)
FNF:2
FNH:2
FNDA:1,(anonymous_0)
FNDA:1,(anonymous_1)
DA:2,1
DA:4,1
DA:7,1
DA:15,1
DA:36,1
LF:5
LH:5
BRF:0
BRH:0
end_of_record
TN:
SF:models\user.js
FN:4,(anonymous_0)
FN:6,(anonymous_1)
FNF:2
FNH:2
FNDA:1,(anonymous_0)
FNDA:1,(anonymous_1)
DA:2,1
DA:4,1
DA:7,1
DA:15,1
DA:49,1
LF:5
LH:5
BRF:0
BRH:0
end_of_record
TN:
SF:models\userorganisations.js
FN:4,(anonymous_0)
FN:6,(anonymous_1)
FNF:2
FNH:2
FNDA:1,(anonymous_0)
FNDA:1,(anonymous_1)
DA:2,1
DA:4,1
DA:11,1
DA:28,1
LF:4
LH:4
BRF:0
BRH:0
end_of_record
